# JRE version: OpenJDK Runtime Environment (8.0_212-b04) (build 1.8.0_212-release-1586-b04)
# Java VM: OpenJDK 64-Bit Server VM (25.212-b04 mixed mode windows-amd64 compressed oops)
Heap:
 PSYoungGen      total 297472K, used 28607K [0x00000000e0000000, 0x00000000f4880000, 0x0000000100000000)
  eden space 266752K, 0% used [0x00000000e0000000,0x00000000e0000000,0x00000000f0480000)
  from space 30720K, 93% used [0x00000000f2a80000,0x00000000f466fe68,0x00000000f4880000)
  to   space 34816K, 0% used [0x00000000f0480000,0x00000000f0480000,0x00000000f2680000)
 ParOldGen       total 241152K, used 66493K [0x00000000a0000000, 0x00000000aeb80000, 0x00000000e0000000)
  object space 241152K, 27% used [0x00000000a0000000,0x00000000a40ef7a8,0x00000000aeb80000)
 Metaspace       used 93494K, capacity 98591K, committed 98600K, reserved 1134592K
  class space    used 12338K, capacity 13345K, committed 13352K, reserved 1048576K
GC Heap History (10 events):
Event: 9.411 GC heap after
Heap after GC invocations=15 (full 3):
 PSYoungGen      total 270336K, used 17282K [0x00000000e0000000, 0x00000000f2000000, 0x0000000100000000)
  eden space 248832K, 0% used [0x00000000e0000000,0x00000000e0000000,0x00000000ef300000)
  from space 21504K, 80% used [0x00000000f0a80000,0x00000000f1b60970,0x00000000f1f80000)
  to   space 23040K, 0% used [0x00000000ef300000,0x00000000ef300000,0x00000000f0980000)
 ParOldGen       total 241152K, used 37065K [0x00000000a0000000, 0x00000000aeb80000, 0x00000000e0000000)
  object space 241152K, 15% used [0x00000000a0000000,0x00000000a2432770,0x00000000aeb80000)
 Metaspace       used 66410K, capacity 69423K, committed 69632K, reserved 1110016K
  class space    used 9114K, capacity 9719K, committed 9728K, reserved 1048576K
}
Event: 10.828 GC heap before
{Heap before GC invocations=16 (full 3):
 PSYoungGen      total 270336K, used 266114K [0x00000000e0000000, 0x00000000f2000000, 0x0000000100000000)
  eden space 248832K, 100% used [0x00000000e0000000,0x00000000ef300000,0x00000000ef300000)
  from space 21504K, 80% used [0x00000000f0a80000,0x00000000f1b60970,0x00000000f1f80000)
  to   space 23040K, 0% used [0x00000000ef300000,0x00000000ef300000,0x00000000f0980000)
 ParOldGen       total 241152K, used 37065K [0x00000000a0000000, 0x00000000aeb80000, 0x00000000e0000000)
  object space 241152K, 15% used [0x00000000a0000000,0x00000000a2432770,0x00000000aeb80000)
 Metaspace       used 74500K, capacity 78295K, committed 78464K, reserved 1116160K
  class space    used 10103K, capacity 10813K, committed 10880K, reserved 1048576K
Event: 10.850 GC heap after
Heap after GC invocations=16 (full 3):
 PSYoungGen      total 271872K, used 23008K [0x00000000e0000000, 0x00000000f5600000, 0x0000000100000000)
  eden space 248832K, 0% used [0x00000000e0000000,0x00000000e0000000,0x00000000ef300000)
  from space 23040K, 99% used [0x00000000ef300000,0x00000000f0978078,0x00000000f0980000)
  to   space 29696K, 0% used [0x00000000f3900000,0x00000000f3900000,0x00000000f5600000)
 ParOldGen       total 241152K, used 47271K [0x00000000a0000000, 0x00000000aeb80000, 0x00000000e0000000)
  object space 241152K, 19% used [0x00000000a0000000,0x00000000a2e29cf8,0x00000000aeb80000)
 Metaspace       used 74500K, capacity 78295K, committed 78464K, reserved 1116160K
  class space    used 10103K, capacity 10813K, committed 10880K, reserved 1048576K
}
Event: 638.195 GC heap before
{Heap before GC invocations=17 (full 3):
 PSYoungGen      total 271872K, used 271840K [0x00000000e0000000, 0x00000000f5600000, 0x0000000100000000)
  eden space 248832K, 100% used [0x00000000e0000000,0x00000000ef300000,0x00000000ef300000)
  from space 23040K, 99% used [0x00000000ef300000,0x00000000f0978078,0x00000000f0980000)
  to   space 29696K, 0% used [0x00000000f3900000,0x00000000f3900000,0x00000000f5600000)
 ParOldGen       total 241152K, used 47271K [0x00000000a0000000, 0x00000000aeb80000, 0x00000000e0000000)
  object space 241152K, 19% used [0x00000000a0000000,0x00000000a2e29cf8,0x00000000aeb80000)
 Metaspace       used 79796K, capacity 84079K, committed 84224K, reserved 1122304K
  class space    used 10574K, capacity 11427K, committed 11520K, reserved 1048576K
Event: 638.236 GC heap after
Heap after GC invocations=17 (full 3):
 PSYoungGen      total 309248K, used 25108K [0x00000000e0000000, 0x00000000f5300000, 0x0000000100000000)
  eden space 282624K, 0% used [0x00000000e0000000,0x00000000e0000000,0x00000000f1400000)
  from space 26624K, 94% used [0x00000000f3900000,0x00000000f5185390,0x00000000f5300000)
  to   space 32256K, 0% used [0x00000000f1400000,0x00000000f1400000,0x00000000f3380000)
 ParOldGen       total 241152K, used 66477K [0x00000000a0000000, 0x00000000aeb80000, 0x00000000e0000000)
  object space 241152K, 27% used [0x00000000a0000000,0x00000000a40eb7a8,0x00000000aeb80000)
 Metaspace       used 79796K, capacity 84079K, committed 84224K, reserved 1122304K
  class space    used 10574K, capacity 11427K, committed 11520K, reserved 1048576K
}
Event: 871.345 GC heap before
{Heap before GC invocations=18 (full 3):
 PSYoungGen      total 309248K, used 307732K [0x00000000e0000000, 0x00000000f5300000, 0x0000000100000000)
  eden space 282624K, 100% used [0x00000000e0000000,0x00000000f1400000,0x00000000f1400000)
  from space 26624K, 94% used [0x00000000f3900000,0x00000000f5185390,0x00000000f5300000)
  to   space 32256K, 0% used [0x00000000f1400000,0x00000000f1400000,0x00000000f3380000)
 ParOldGen       total 241152K, used 66477K [0x00000000a0000000, 0x00000000aeb80000, 0x00000000e0000000)
  object space 241152K, 27% used [0x00000000a0000000,0x00000000a40eb7a8,0x00000000aeb80000)
 Metaspace       used 84900K, capacity 89579K, committed 89600K, reserved 1126400K
  class space    used 11133K, capacity 12031K, committed 12032K, reserved 1048576K
Event: 871.362 GC heap after
Heap after GC invocations=18 (full 3):
 PSYoungGen      total 291328K, used 16806K [0x00000000e0000000, 0x00000000f4900000, 0x0000000100000000)
  eden space 274432K, 0% used [0x00000000e0000000,0x00000000e0000000,0x00000000f0c00000)
  from space 16896K, 99% used [0x00000000f1400000,0x00000000f2469850,0x00000000f2480000)
  to   space 31232K, 0% used [0x00000000f2a80000,0x00000000f2a80000,0x00000000f4900000)
 ParOldGen       total 241152K, used 66485K [0x00000000a0000000, 0x00000000aeb80000, 0x00000000e0000000)
  object space 241152K, 27% used [0x00000000a0000000,0x00000000a40ed7a8,0x00000000aeb80000)
 Metaspace       used 84900K, capacity 89579K, committed 89600K, reserved 1126400K
  class space    used 11133K, capacity 12031K, committed 12032K, reserved 1048576K
}
Event: 881.022 GC heap before
{Heap before GC invocations=19 (full 3):
 PSYoungGen      total 291328K, used 152781K [0x00000000e0000000, 0x00000000f4900000, 0x0000000100000000)
  eden space 274432K, 49% used [0x00000000e0000000,0x00000000e84c9ce8,0x00000000f0c00000)
  from space 16896K, 99% used [0x00000000f1400000,0x00000000f2469850,0x00000000f2480000)
  to   space 31232K, 0% used [0x00000000f2a80000,0x00000000f2a80000,0x00000000f4900000)
 ParOldGen       total 241152K, used 66485K [0x00000000a0000000, 0x00000000aeb80000, 0x00000000e0000000)
  object space 241152K, 27% used [0x00000000a0000000,0x00000000a40ed7a8,0x00000000aeb80000)
 Metaspace       used 93494K, capacity 98591K, committed 98600K, reserved 1134592K
  class space    used 12338K, capacity 13345K, committed 13352K, reserved 1048576K
Event: 881.045 GC heap after
Heap after GC invocations=19 (full 3):
 PSYoungGen      total 297472K, used 28607K [0x00000000e0000000, 0x00000000f4880000, 0x0000000100000000)
  eden space 266752K, 0% used [0x00000000e0000000,0x00000000e0000000,0x00000000f0480000)
  from space 30720K, 93% used [0x00000000f2a80000,0x00000000f466fe68,0x00000000f4880000)
  to   space 34816K, 0% used [0x00000000f0480000,0x00000000f0480000,0x00000000f2680000)
 ParOldGen       total 241152K, used 66493K [0x00000000a0000000, 0x00000000aeb80000, 0x00000000e0000000)
  object space 241152K, 27% used [0x00000000a0000000,0x00000000a40ef7a8,0x00000000aeb80000)
 Metaspace       used 93494K, capacity 98591K, committed 98600K, reserved 1134592K
  class space    used 12338K, capacity 13345K, committed 13352K, reserved 1048576K
}
Event: 881.045 GC heap before
{Heap before GC invocations=20 (full 4):
 PSYoungGen      total 297472K, used 28607K [0x00000000e0000000, 0x00000000f4880000, 0x0000000100000000)
  eden space 266752K, 0% used [0x00000000e0000000,0x00000000e0000000,0x00000000f0480000)
  from space 30720K, 93% used [0x00000000f2a80000,0x00000000f466fe68,0x00000000f4880000)
  to   space 34816K, 0% used [0x00000000f0480000,0x00000000f0480000,0x00000000f2680000)
 ParOldGen       total 241152K, used 66493K [0x00000000a0000000, 0x00000000aeb80000, 0x00000000e0000000)
  object space 241152K, 27% used [0x00000000a0000000,0x00000000a40ef7a8,0x00000000aeb80000)
 Metaspace       used 93494K, capacity 98591K, committed 98600K, reserved 1134592K
  class space    used 12338K, capacity 13345K, committed 13352K, reserved 1048576K

